[2016.12.30-03.06.33:892][  0]Log file open, 12/30/16 11:06:33
[2016.12.30-03.06.33:892][  0]LogModuleManager:Warning: ModuleManager: Module 'HTTPChunkInstaller' not found - its StaticallyLinkedModuleInitializers function is null.
[2016.12.30-03.06.33:892][  0]LogPlatformFile: Not using cached read wrapper
[2016.12.30-03.06.33:892][  0]LogInit:Display: RandInit(-728908259) SRandInit(-728908258).
[2016.12.30-03.06.33:892][  0]LogTaskGraph: Started task graph with 4 named threads and 5 total threads.
[2016.12.30-03.06.33:892][  0]LogStats: Stats thread started at 0.042225
[2016.12.30-03.06.33:892][  0]LogInit: Version: 4.10.4-2872498+++depot+UE4-Releases+4.10
[2016.12.30-03.06.33:892][  0]LogInit: API Version: 2758231
[2016.12.30-03.06.33:892][  0]LogInit: Compiled (32-bit): Feb 18 2016 16:53:06
[2016.12.30-03.06.33:892][  0]LogInit: Compiled with Visual C++: 19.00.23026.00
[2016.12.30-03.06.33:892][  0]LogInit: Build Configuration: Development
[2016.12.30-03.06.33:892][  0]LogInit: Branch Name: ++depot+UE4-Releases+4.10
[2016.12.30-03.06.33:893][  0]LogInit: Command line: 
[2016.12.30-03.06.33:893][  0]LogInit: Base directory: E:/myUE4/IceDogCV/Out/CVLib_Pre_Alpha_0.13/CVLib_Pre_Alpha_0.13/IceDogCV/Binaries/Win32/
[2016.12.30-03.06.33:893][  0]LogInit: Rocket: 0
[2016.12.30-03.06.33:895][  0]LogInit: Using libcurl 7.41.0
[2016.12.30-03.06.33:895][  0]LogInit:  - built for i386-pc-win32
[2016.12.30-03.06.33:895][  0]LogInit:  - supports SSL with WinSSL
[2016.12.30-03.06.33:895][  0]LogInit:  - other features:
[2016.12.30-03.06.33:895][  0]LogInit:      CURL_VERSION_SSL
[2016.12.30-03.06.33:895][  0]LogInit:      CURL_VERSION_IPV6
[2016.12.30-03.06.33:895][  0]LogInit:      CURL_VERSION_ASYNCHDNS
[2016.12.30-03.06.33:895][  0]LogInit:      CURL_VERSION_LARGEFILE
[2016.12.30-03.06.33:895][  0]LogInit:      CURL_VERSION_IDN
[2016.12.30-03.06.33:895][  0]LogInit:  CurlRequestOptions (configurable via config and command line):
[2016.12.30-03.06.33:895][  0]LogInit:  - bVerifyPeer = true  - Libcurl will verify peer certificate
[2016.12.30-03.06.33:895][  0]LogInit:  - bUseHttpProxy = false  - Libcurl will NOT use HTTP proxy
[2016.12.30-03.06.33:895][  0]LogInit:  - bDontReuseConnections = false  - Libcurl will reuse connections
[2016.12.30-03.06.33:895][  0]LogInit:  - CertBundlePath = nullptr  - Libcurl will use whatever was configured at build time.
[2016.12.30-03.06.33:898][  0]LogInit: Presizing for 0 objects not considered by GC, pre-allocating 0 bytes.
[2016.12.30-03.06.33:903][  0]LogInit: Object subsystem initialized
[2016.12.30-03.06.33:907][  0]LogInit: Selected Device Profile: [WindowsNoEditor]
[2016.12.30-03.06.33:907][  0]LogInit: Applying CVar settings loaded from the selected device profile: [WindowsNoEditor]
[2016.12.30-03.06.33:914][  0]LogInit: Computer: DESKTOP-VRA408L
[2016.12.30-03.06.33:914][  0]LogInit: User: yuletian
[2016.12.30-03.06.33:914][  0]LogInit: CPU Page size=4096, Cores=2
[2016.12.30-03.06.33:914][  0]LogInit: High frequency timer resolution =2.435778 MHz
[2016.12.30-03.06.33:914][  0]LogMemory: Memory total: Physical=3.9GB (0GB approx) Virtual=4.0GB
[2016.12.30-03.06.33:914][  0]LogMemory: Platform Memory Stats for WindowsNoEditor
[2016.12.30-03.06.33:914][  0]LogMemory: Process Physical Memory: 31.53 MB used, 31.53 MB peak
[2016.12.30-03.06.33:914][  0]LogMemory: Process Virtual Memory: 49.80 MB used, 49.80 MB peak
[2016.12.30-03.06.33:914][  0]LogMemory: Physical Memory: 3139.22 MB used, 4012.36 MB total
[2016.12.30-03.06.33:914][  0]LogMemory: Virtual Memory: 224.72 MB used, 4095.88 MB total
[2016.12.30-03.06.34:454][  0]LogTextLocalizationManager: No translations for ('zh-CN') exist, falling back to 'en' for localization and internationalization data.
[2016.12.30-03.06.34:738][  0]LogD3D11RHI: Found D3D11 adapter 0: NVIDIA GeForce GT 755M (Feature Level 11_0)
[2016.12.30-03.06.34:738][  0]LogD3D11RHI: Adapter has 2019MB of dedicated video memory, 0MB of dedicated system memory, and 2076MB of shared system memory, 1 output[s]
[2016.12.30-03.06.34:746][  0]LogD3D11RHI: Found D3D11 adapter 1: Intel(R) HD Graphics 4600 (Feature Level 11_0)
[2016.12.30-03.06.34:746][  0]LogD3D11RHI: Adapter has 112MB of dedicated video memory, 0MB of dedicated system memory, and 2048MB of shared system memory, 0 output[s]
[2016.12.30-03.06.34:748][  0]LogD3D11RHI: Found D3D11 adapter 2: Microsoft Basic Render Driver (Feature Level 11_0)
[2016.12.30-03.06.34:748][  0]LogD3D11RHI: Adapter has 0MB of dedicated video memory, 0MB of dedicated system memory, and 4054MB of shared system memory, 0 output[s]
[2016.12.30-03.06.34:748][  0]LogD3D11RHI: Chosen D3D11 Adapter Id = 0
[2016.12.30-03.06.34:754][  0]LogD3D11RHI: !Direct3DDevice
[2016.12.30-03.06.34:754][  0]LogRHI: Texture pool is 716 MB (70% of 1024 MB)
[2016.12.30-03.06.34:775][  0]LogD3D11RHI: Async texture creation enabled
[2016.12.30-03.06.34:872][  0]LogInit: Selected Device Profile: [WindowsNoEditor]
[2016.12.30-03.06.34:873][  0]LogContentStreaming: Texture pool size is 1000.000000MB
[2016.12.30-03.06.35:001][  0]LogInit: WinSock: version 1.1 (2.2), MaxSocks=32767, MaxUdp=65467
[2016.12.30-03.06.35:067][  0]LogWindowsMoviePlayer: Unable to load movie: ../../../IceDogCV/Content/Movies/Default_Startup.mp4
[2016.12.30-03.06.35:103][  0]LogObj: 23692 objects as part of root set at end of initial load.
[2016.12.30-03.06.35:103][  0]LogUObjectAllocator: 3332664 out of 0 bytes used by permanent object pool.
[2016.12.30-03.06.35:116][  0]LogEngine: Initializing Engine...
[2016.12.30-03.06.35:118][  0]LogHMD: Can't find Oculus library dev build: is proper Runtime installed? Version: 0.8.0.0
[2016.12.30-03.06.35:158][  0]LogHMD: SteamVR failed to initialize.  Err: 110
[2016.12.30-03.06.35:225][  0]LogInit: XAudio2 using '扬声器 (Realtek High Definition Audio)' : 2 channels at 48 kHz using 32 bits per sample (channel mask 0x3)
[2016.12.30-03.06.35:283][  0]LogInit: FAudioDevice initialized.
[2016.12.30-03.06.35:283][  0]LogInit: Texture streaming: Enabled
[2016.12.30-03.06.35:283][  0]LogAnalytics: Creating configured Analytics provider AnalyticsET
[2016.12.30-03.06.35:283][  0]LogAnalytics: [UEGame.UnrealEngine.Release|C8E805894CBDDC433AAD75AD1396B2F3|UE4Game] APIServer = http://et2.epicgames.com/ET2/. AppVersion = 4.10.4-2872498+++depot+UE4-Releases+4.10
[2016.12.30-03.06.35:283][  0]LogAnalytics: [UEGame.UnrealEngine.Release|C8E805894CBDDC433AAD75AD1396B2F3|UE4Game] SetUserId ANON-{F8939301-4643-EECE-3282-19B59FFDEB04}
[2016.12.30-03.06.35:283][  0]LogAnalytics: [UEGame.UnrealEngine.Release|C8E805894CBDDC433AAD75AD1396B2F3|UE4Game] AnalyticsET::StartSession
[2016.12.30-03.06.35:335][  0]LogNet: Browse: /Game/CVContent/Map/LIbLevel?Name=Player
[2016.12.30-03.06.35:337][  0]LogLoad: LoadMap: /Game/CVContent/Map/LIbLevel?Name=Player
[2016.12.30-03.06.35:346][  0]LogParticles: Destroying 0 GPU particle simulations for FXSystem 0x1757FAB0
[2016.12.30-03.06.35:355][  0]LogMemory: Platform Memory Stats for WindowsNoEditor
[2016.12.30-03.06.35:355][  0]LogMemory: Process Physical Memory: 130.23 MB used, 130.23 MB peak
[2016.12.30-03.06.35:355][  0]LogMemory: Process Virtual Memory: 132.77 MB used, 132.77 MB peak
[2016.12.30-03.06.35:355][  0]LogMemory: Physical Memory: 3259.20 MB used, 4012.36 MB total
[2016.12.30-03.06.35:355][  0]LogMemory: Virtual Memory: 488.08 MB used, 4095.88 MB total
[2016.12.30-03.06.35:355][  0]LogMemory: 
[2016.12.30-03.06.35:355][  0]LogMemory: Allocator Stats for binned:
[2016.12.30-03.06.35:355][  0]LogMemory: Current Memory 36.58 MB used, plus 3.03 MB waste
[2016.12.30-03.06.35:355][  0]LogMemory: Peak Memory 41.26 MB used, plus 2.13 MB waste
[2016.12.30-03.06.35:355][  0]LogMemory: Current OS Memory 39.61 MB, peak 43.39 MB
[2016.12.30-03.06.35:355][  0]LogMemory: Current Waste 0.53 MB, peak 0.84 MB
[2016.12.30-03.06.35:355][  0]LogMemory: Current Used 36.58 MB, peak 41.26 MB
[2016.12.30-03.06.35:355][  0]LogMemory: Current Slack 1.10 MB
[2016.12.30-03.06.35:355][  0]LogMemory: Allocs       122200 Current /  1238627 Total
[2016.12.30-03.06.35:355][  0]LogMemory: 
[2016.12.30-03.06.35:355][  0]LogMemory: Block Size Num Pools Max Pools Cur Allocs Total Allocs Min Req Max Req Mem Used Mem Slack Mem Waste Efficiency
[2016.12.30-03.06.35:355][  0]LogMemory: ---------- --------- --------- ---------- ------------ ------- ------- -------- --------- --------- ----------
[2016.12.30-03.06.35:355][  0]LogMemory:          8         1         1       5347       239994       8       8      41K       23K        0K    100.00%
[2016.12.30-03.06.35:355][  0]LogMemory:         16         7         7      25961       101553       9      16     405K       43K       19K     95.76%
[2016.12.30-03.06.35:355][  0]LogMemory:         32         5         5       8632        32656      17      32     269K       51K       54K     83.13%
[2016.12.30-03.06.35:355][  0]LogMemory:         48        14        14      18883        61820      33      48     885K       11K       81K     90.96%
[2016.12.30-03.06.35:355][  0]LogMemory:         64        11        11      10784        78425      49      64     674K       30K       84K     88.07%
[2016.12.30-03.06.35:355][  0]LogMemory:         80         7         7       5108        52713      65      80     399K       49K       32K     92.86%
[2016.12.30-03.06.35:355][  0]LogMemory:         96        28        28      18884        54920      81      96    1770K       21K       96K     94.64%
[2016.12.30-03.06.35:355][  0]LogMemory:        112         8        12       3700        36304      97     112     404K      108K       17K     96.68%
[2016.12.30-03.06.35:355][  0]LogMemory:        128        11        11       5126        34589     114     128     640K       64K       34K     95.17%
[2016.12.30-03.06.35:355][  0]LogMemory:        160         4         4       1598        70627     129     160     249K        7K       21K     91.80%
[2016.12.30-03.06.35:355][  0]LogMemory:        192         5         5       1588       142444     161     192     297K       23K       22K     93.13%
[2016.12.30-03.06.35:355][  0]LogMemory:        224         3         3        800       123564     193     224     175K       17K       13K     93.23%
[2016.12.30-03.06.35:355][  0]LogMemory:        256        20        36       5049        80106     226     256    1262K       18K       98K     92.34%
[2016.12.30-03.06.35:355][  0]LogMemory:        288        17        17       3667        55659     257     288    1031K       55K       54K     95.04%
[2016.12.30-03.06.35:355][  0]LogMemory:        320         4         4        621        14970     290     320     194K       61K       10K     96.09%
[2016.12.30-03.06.35:355][  0]LogMemory:        384         9         9       1401        19941     322     384     525K       49K       45K     92.19%
[2016.12.30-03.06.35:355][  0]LogMemory:        448         5         5        617         8817     385     448     269K       51K       12K     96.25%
[2016.12.30-03.06.35:355][  0]LogMemory:        512         5         5        628         5441     449     512     314K        6K       24K     92.50%
[2016.12.30-03.06.35:355][  0]LogMemory:        576        12        13        942         4452     513     576     529K      234K       22K     97.14%
[2016.12.30-03.06.35:355][  0]LogMemory:        640         7         7        454         1131     577     640     283K      164K       13K     97.10%
[2016.12.30-03.06.35:355][  0]LogMemory:        704         5         5        302         1257     641     704     207K      113K        8K     97.50%
[2016.12.30-03.06.35:355][  0]LogMemory:        768         2         2         76          195     705     768      57K       71K        2K     98.44%
[2016.12.30-03.06.35:355][  0]LogMemory:        896         2         3        128          389     769     896     112K       16K        8K     93.75%
[2016.12.30-03.06.35:355][  0]LogMemory:       1024         3         4        149         2647     897    1024     149K       43K        5K     97.40%
[2016.12.30-03.06.35:355][  0]LogMemory:       1168         7         7        337         1000    1025    1168     384K       64K       20K     95.54%
[2016.12.30-03.06.35:355][  0]LogMemory:       1360         3         3        116          339    1171    1360     154K       38K       11K     94.27%
[2016.12.30-03.06.35:355][  0]LogMemory:       1632         5         5        113         2566    1361    1632     180K      139K       10K     96.88%
[2016.12.30-03.06.35:355][  0]LogMemory:       2048         8         8        213          683    1633    2048     426K       86K       46K     91.02%
[2016.12.30-03.06.35:355][  0]LogMemory:       2336         4         4         87         1588    2050    2333     198K       58K       22K     91.41%
[2016.12.30-03.06.35:355][  0]LogMemory:       2720         4         4         68         1571    2342    2717     180K       75K       20K     92.19%
[2016.12.30-03.06.35:355][  0]LogMemory:       3264         5         7         83          968    2721    3264     264K       55K       15K     95.31%
[2016.12.30-03.06.35:355][  0]LogMemory:       4096        13        14        156         1786    3265    4096     624K      208K       82K     90.14%
[2016.12.30-03.06.35:355][  0]LogMemory:       4672        13        15        146          488    4104    4666     666K      165K       51K     93.87%
[2016.12.30-03.06.35:355][  0]LogMemory:       5456         9        14         94          973    4673    5433     500K       76K       47K     91.84%
[2016.12.30-03.06.35:355][  0]LogMemory:       6544         8        11         74          291    5465    6537     472K       40K       40K     92.19%
[2016.12.30-03.06.35:355][  0]LogMemory:       8192         9        10         65          889    6560    8192     520K       56K       39K     93.23%
[2016.12.30-03.06.35:355][  0]LogMemory:       9360         6         6         37           84    8200    9360     338K       46K       25K     93.49%
[2016.12.30-03.06.35:355][  0]LogMemory:      10912         4         5         23           63    9408   10845     245K       11K       20K     92.19%
[2016.12.30-03.06.35:355][  0]LogMemory:      13104         5         6         25           63   10988   13056     319K        1K       27K     91.56%
[2016.12.30-03.06.35:355][  0]LogMemory:      16384         7        10         26          132   13120   16384     416K       32K       28K     93.75%
[2016.12.30-03.06.35:355][  0]LogMemory:      21840         6         8         16           66   16392   21556     341K       43K       54K     85.94%
[2016.12.30-03.06.35:355][  0]LogMemory:      32768         7         8         12           68   21865   32640     384K       64K       83K     81.47%
[2016.12.30-03.06.35:355][  0]LogMemory: 
[2016.12.30-03.06.35:355][  0]LogMemory: 20352K allocated in pools (with 2585K slack and 1414K waste). Efficiency 93.05%
[2016.12.30-03.06.35:355][  0]LogMemory: Allocations 122137 Current / 1238233 Total (in 318 pools)
[2016.12.30-03.06.35:355][  0]LogMemory: 
[2016.12.30-03.06.35:362][  0]LogLinker:Warning: CreateImport: Failed to load Outer for resource 'WidgetTree': WidgetBlueprint /Script/UMGEditor.Default__WidgetBlueprint
[2016.12.30-03.06.35:378][  0]LogLinker:Warning: CreateImport: Failed to load Outer for resource 'WidgetTree': WidgetBlueprint /Script/UMGEditor.Default__WidgetBlueprint
[2016.12.30-03.06.35:378][  0]LogLinker:Warning: CreateImport: Failed to load Outer for resource 'WidgetTree': WidgetBlueprint /Script/UMGEditor.Default__WidgetBlueprint
[2016.12.30-03.06.35:378][  0]LogLinker:Warning: CreateImport: Failed to load Outer for resource 'WidgetTree': WidgetBlueprint /Script/UMGEditor.Default__WidgetBlueprint
[2016.12.30-03.06.35:378][  0]LogLinker:Warning: CreateImport: Failed to load Outer for resource 'WidgetTree': WidgetBlueprint /Script/UMGEditor.Default__WidgetBlueprint
[2016.12.30-03.06.35:378][  0]LogLinker:Warning: CreateImport: Failed to load Outer for resource 'WidgetTree': WidgetBlueprint /Script/UMGEditor.Default__WidgetBlueprint
[2016.12.30-03.06.35:378][  0]LogLinker:Warning: CreateImport: Failed to load Outer for resource 'WidgetTree': WidgetBlueprint /Script/UMGEditor.Default__WidgetBlueprint
[2016.12.30-03.06.35:378][  0]LogLinker:Warning: CreateImport: Failed to load Outer for resource 'WidgetTree': WidgetBlueprint /Script/UMGEditor.Default__WidgetBlueprint
[2016.12.30-03.06.35:378][  0]LogLinker:Warning: CreateImport: Failed to load Outer for resource 'WidgetTree': WidgetBlueprint /Script/UMGEditor.Default__WidgetBlueprint
[2016.12.30-03.06.35:378][  0]LogLinker:Warning: CreateImport: Failed to load Outer for resource 'WidgetTree': WidgetBlueprint /Script/UMGEditor.Default__WidgetBlueprint
[2016.12.30-03.06.35:379][  0]LogLinker:Warning: CreateImport: Failed to load Outer for resource 'WidgetTree': WidgetBlueprint /Script/UMGEditor.Default__WidgetBlueprint
[2016.12.30-03.06.35:379][  0]LogLinker:Warning: CreateImport: Failed to load Outer for resource 'WidgetTree': WidgetBlueprint /Script/UMGEditor.Default__WidgetBlueprint
[2016.12.30-03.06.35:379][  0]LogLinker:Warning: CreateImport: Failed to load Outer for resource 'WidgetTree': WidgetBlueprint /Script/UMGEditor.Default__WidgetBlueprint
[2016.12.30-03.06.35:379][  0]LogLinker:Warning: CreateImport: Failed to load Outer for resource 'WidgetTree': WidgetBlueprint /Script/UMGEditor.Default__WidgetBlueprint
[2016.12.30-03.06.35:379][  0]LogLinker:Warning: CreateImport: Failed to load Outer for resource 'WidgetTree': WidgetBlueprint /Script/UMGEditor.Default__WidgetBlueprint
[2016.12.30-03.06.35:399][  0]LogModuleManager:Warning: ModuleManager: Module 'GameplayDebugger' not found - its StaticallyLinkedModuleInitializers function is null.
[2016.12.30-03.06.35:399][  0]LogAIModule: Creating AISystem for world LIbLevel
[2016.12.30-03.06.35:399][  0]LogWorld: Game class is 'IceDogCVGameMode'
[2016.12.30-03.06.35:400][  0]LogWorld: Bringing World /Game/CVContent/Map/LIbLevel.LIbLevel up for play (max tick rate 0) at 2016.12.30-11.06.35
[2016.12.30-03.06.35:400][  0]LogWorld: Bringing up level for play took: 0.000438
[2016.12.30-03.06.35:401][  0]LogGameMode: Warning - PATHS NOT DEFINED or NO PLAYERSTART with positive rating
[2016.12.30-03.06.35:410][  0]LogInit:Display: Game Engine Initialized.
[2016.12.30-03.06.35:611][  0]LogLoad: Full Startup: 2.07 seconds (BP compile: 0.00 seconds)
[2016.12.30-03.06.35:637][  0]LogOcInput: Can't find Oculus library dev build: is proper Runtime installed? Version: 0.8.0.0
[2016.12.30-03.06.35:797][  2]LogRenderer: Reallocating scene render targets to support 1280x720 (Frame:2).
[2016.12.30-03.14.56:701][ 36]LogWindowsTextInputMethodSystem:Display: IME system now deactivated.
[2016.12.30-03.14.56:704][ 36]LogEngine: All Windows Closed
[2016.12.30-03.14.56:704][ 36]LogWindows: FPlatformMisc::RequestExit(0)
[2016.12.30-03.14.57:425][ 37]LogExit: Preparing to exit.
[2016.12.30-03.14.57:513][ 37]LogExit: Game engine shut down
[2016.12.30-03.14.57:513][ 37]LogParticles: Destroying 0 GPU particle simulations for FXSystem 0x11061AB0
[2016.12.30-03.14.57:605][ 37]LogExit: Object subsystem successfully closed.
[2016.12.30-03.14.57:610][ 37]LogD3D11RHI: Shutdown
[2016.12.30-03.14.57:610][ 37]LogD3D11RHI: CleanupD3DDevice
[2016.12.30-03.14.57:641][ 37]LogD3D11RHI: ~FD3D11DynamicRHI
[2016.12.30-03.14.57:641][ 37]LogModuleManager: Shutting down and abandoning module AutomationWorker (57)
[2016.12.30-03.14.57:641][ 37]LogModuleManager: Shutting down and abandoning module CharacterAI (56)
[2016.12.30-03.14.57:641][ 37]LogModuleManager: Shutting down and abandoning module AIModule (54)
[2016.12.30-03.14.57:641][ 37]LogModuleManager: Shutting down and abandoning module GameLiveStreaming (53)
[2016.12.30-03.14.57:641][ 37]LogModuleManager: Shutting down and abandoning module StreamingPauseRendering (52)
[2016.12.30-03.14.57:641][ 37]LogModuleManager: Shutting down and abandoning module AnalyticsET (51)
[2016.12.30-03.14.57:641][ 37]LogModuleManager: Shutting down and abandoning module Analytics (50)
[2016.12.30-03.14.57:641][ 37]LogModuleManager: Shutting down and abandoning module ProfilerService (49)
[2016.12.30-03.14.57:713][ 37]LogModuleManager: Shutting down and abandoning module TaskGraph (48)
[2016.12.30-03.14.57:713][ 37]LogModuleManager: Shutting down and abandoning module SlateRemote (47)
[2016.12.30-03.14.57:714][ 37]LogModuleManager: Shutting down and abandoning module SteamVRController (46)
[2016.12.30-03.14.57:714][ 37]LogModuleManager: Shutting down and abandoning module SteamVR (45)
[2016.12.30-03.14.57:714][ 37]LogModuleManager: Shutting down and abandoning module ProceduralMeshComponent (44)
[2016.12.30-03.14.57:714][ 37]LogModuleManager: Shutting down and abandoning module OculusLibrary (43)
[2016.12.30-03.14.57:714][ 37]LogModuleManager: Shutting down and abandoning module OculusInput (42)
[2016.12.30-03.14.57:714][ 37]LogModuleManager: Shutting down and abandoning module CustomMeshComponent (41)
[2016.12.30-03.14.57:714][ 37]LogModuleManager: Shutting down and abandoning module CableComponent (40)
[2016.12.30-03.14.57:714][ 37]LogModuleManager: Shutting down and abandoning module ArchVisCharacter (39)
[2016.12.30-03.14.57:714][ 37]LogModuleManager: Shutting down and abandoning module IceDogCV (38)
[2016.12.30-03.14.57:714][ 37]LogModuleManager: Shutting down and abandoning module UdpMessaging (37)
[2016.12.30-03.14.57:714][ 37]LogModuleManager: Shutting down and abandoning module LightPropagationVolumeRuntime (36)
[2016.12.30-03.14.57:714][ 37]LogModuleManager: Shutting down and abandoning module Paper2D (35)
[2016.12.30-03.14.57:714][ 37]LogModuleManager: Shutting down and abandoning module Media (34)
[2016.12.30-03.14.57:714][ 37]LogModuleManager: Shutting down and abandoning module WmfMedia (33)
[2016.12.30-03.14.57:714][ 37]LogModuleManager: Shutting down and abandoning module WindowsMoviePlayer (32)
[2016.12.30-03.14.57:720][ 37]LogModuleManager: Shutting down and abandoning module ImageWrapper (31)
[2016.12.30-03.14.57:720][ 37]LogModuleManager: Shutting down and abandoning module UMG (30)
[2016.12.30-03.14.57:720][ 37]LogModuleManager: Shutting down and abandoning module Slate (29)
[2016.12.30-03.14.57:720][ 37]LogModuleManager: Shutting down and abandoning module SessionServices (28)
[2016.12.30-03.14.57:720][ 37]LogModuleManager: Shutting down and abandoning module Messaging (27)
[2016.12.30-03.14.57:720][ 37]LogModuleManager: Shutting down and abandoning module HeadMountedDisplay (26)
[2016.12.30-03.14.57:720][ 37]LogModuleManager: Shutting down and abandoning module XAudio2 (25)
[2016.12.30-03.14.57:720][ 37]LogModuleManager: Shutting down and abandoning module Networking (23)
[2016.12.30-03.14.57:720][ 37]LogModuleManager: Shutting down and abandoning module Core (22)
[2016.12.30-03.14.57:720][ 37]LogModuleManager: Shutting down and abandoning module LeapMotionController (21)
[2016.12.30-03.14.57:762][ 37]LogModuleManager: Shutting down and abandoning module InputCore (20)
[2016.12.30-03.14.57:762][ 37]LogModuleManager: Shutting down and abandoning module OnlineSubsystem (18)
[2016.12.30-03.14.57:762][ 37]LogModuleManager: Shutting down and abandoning module HTTP (17)
[2016.12.30-03.14.59:765][ 37]LogModuleManager: Shutting down and abandoning module OculusRift (16)
[2016.12.30-03.14.59:765][ 37]LogModuleManager: Shutting down and abandoning module ExampleDeviceProfileSelector (15)
[2016.12.30-03.14.59:765][ 37]LogModuleManager: Shutting down and abandoning module ShaderCore (14)
[2016.12.30-03.14.59:765][ 37]LogModuleManager: Shutting down and abandoning module Landscape (13)
[2016.12.30-03.14.59:765][ 37]LogModuleManager: Shutting down and abandoning module SlateRHIRenderer (12)
[2016.12.30-03.14.59:765][ 37]LogModuleManager: Shutting down and abandoning module OpenGLDrv (11)
[2016.12.30-03.14.59:765][ 37]LogModuleManager: Shutting down and abandoning module D3D11RHI (10)
[2016.12.30-03.14.59:765][ 37]LogModuleManager: Shutting down and abandoning module AnimGraphRuntime (9)
[2016.12.30-03.14.59:765][ 37]LogModuleManager: Shutting down and abandoning module Renderer (8)
[2016.12.30-03.14.59:765][ 37]LogModuleManager: Shutting down and abandoning module Engine (7)
[2016.12.30-03.14.59:765][ 37]LogModuleManager: Shutting down and abandoning module CoreUObject (6)
[2016.12.30-03.14.59:765][ 37]LogModuleManager: Shutting down and abandoning module NetworkFile (5)
[2016.12.30-03.14.59:765][ 37]LogModuleManager: Shutting down and abandoning module StreamingFile (4)
[2016.12.30-03.14.59:765][ 37]LogModuleManager: Shutting down and abandoning module SandboxFile (3)
[2016.12.30-03.14.59:765][ 37]LogModuleManager: Shutting down and abandoning module PakFile (1)
[2016.12.30-03.14.59:766][ 37]LogExit: Exiting.
[2016.12.30-03.14.59:767][ 37]Log file closed, 12/30/16 11:14:59
